生成启动时间为 2019/7/25 17:32:46。
     1>项目“D:\dailyTask\20190725_minixml库\minixml_Pro\minixml_Pro\minixml_Pro.vcxproj”在节点 2 上(build 个目标)。
     1>InitializeBuildStatus:
         正在创建“Debug\minixml_Pro.unsuccessfulbuild”，因为已指定“AlwaysCreate”。
       ClCompile:
         D:\software_down\vs2010\setting\VC\bin\CL.exe /c /ZI /nologo /W3 /WX- /Od /Oy- /D WIN32 /D _DEBUG /D _CONSOLE /D _UNICODE /D UNICODE /Gm /EHsc /RTC1 /MDd /GS /fp:precise /Zc:wchar_t /Zc:forScope /Fo"Debug\\" /Fd"Debug\vc100.pdb" /Gd /TC /analyze- /errorReport:prompt main.c
         main.c
     1>d:\dailytask\20190725_minixml库\minixml_pro\minixml_pro\main.c(13): warning C4996: 'fopen': This function or variable may be unsafe. Consider using fopen_s instead. To disable deprecation, use _CRT_SECURE_NO_WARNINGS. See online help for details.
                 d:\software_down\vs2010\setting\vc\include\stdio.h(234) : 参见“fopen”的声明
       ManifestResourceCompile:
         所有输出均为最新。
       Link:
         D:\software_down\vs2010\setting\VC\bin\link.exe /ERRORREPORT:PROMPT /OUT:"D:\dailyTask\20190725_minixml库\minixml_Pro\Debug\minixml_Pro.exe" /INCREMENTAL /NOLOGO kernel32.lib user32.lib gdi32.lib winspool.lib comdlg32.lib advapi32.lib shell32.lib ole32.lib oleaut32.lib uuid.lib odbc32.lib odbccp32.lib /MANIFEST /ManifestFile:"Debug\minixml_Pro.exe.intermediate.manifest" /MANIFESTUAC:"level='asInvoker' uiAccess='false'" /DEBUG /PDB:"D:\dailyTask\20190725_minixml库\minixml_Pro\Debug\minixml_Pro.pdb" /SUBSYSTEM:CONSOLE /TLBID:1 /DYNAMICBASE /NXCOMPAT /IMPLIB:"D:\dailyTask\20190725_minixml库\minixml_Pro\Debug\minixml_Pro.lib" /MACHINE:X86 Debug\minixml_Pro.exe.embed.manifest.res
         Debug\main.obj
         mxml1.lib
       Manifest:
         C:\Program Files (x86)\Microsoft SDKs\Windows\v7.0A\bin\mt.exe /nologo /verbose /out:"Debug\minixml_Pro.exe.embed.manifest" /manifest Debug\minixml_Pro.exe.intermediate.manifest
         所有输出均为最新。
       LinkEmbedManifest:
         所有输出均为最新。
         minixml_Pro.vcxproj -> D:\dailyTask\20190725_minixml库\minixml_Pro\Debug\minixml_Pro.exe
       FinalizeBuildStatus:
         正在删除文件“Debug\minixml_Pro.unsuccessfulbuild”。
         正在对“Debug\minixml_Pro.lastbuildstate”执行 Touch 任务。
     1>已完成生成项目“D:\dailyTask\20190725_minixml库\minixml_Pro\minixml_Pro\minixml_Pro.vcxproj”(build 个目标)的操作。

生成成功。

已用时间 00:00:00.90
